This is pdfTeX, Version 3.141592653-2.6-1.40.27 (TeX Live 2025) (preloaded format=pdflatex 2025.4.28)  10 MAR 2026 16:37
entering extended mode
 restricted \write18 enabled.
 file:line:error style messages enabled.
 %&-line parsing enabled.
**d:/OneDrive/OneDrivePG/00_Dydaktyka/home/latex/MechanikaOgolna/main.tex
(d:/OneDrive/OneDrivePG/00_Dydaktyka/home/latex/MechanikaOgolna/main.tex
LaTeX2e <2024-11-01> patch level 2
L3 programming layer <2025-03-26>
(c:/texlive/2025/texmf-dist/tex/latex/base/article.cls
Document Class: article 2024/06/29 v1.4n Standard LaTeX document class
(c:/texlive/2025/texmf-dist/tex/latex/base/size10.clo
File: size10.clo 2024/06/29 v1.4n Standard LaTeX file (size option)
)
\c@part=\count197
\c@section=\count198
\c@subsection=\count199
\c@subsubsection=\count266
\c@paragraph=\count267
\c@subparagraph=\count268
\c@figure=\count269
\c@table=\count270
\abovecaptionskip=\skip49
\belowcaptionskip=\skip50
\bibindent=\dimen146
) (c:/texlive/2025/texmf-dist/tex/latex/geometry/geometry.sty
Package: geometry 2020/01/02 v5.9 Page Geometry
 (c:/texlive/2025/texmf-dist/tex/latex/graphics/keyval.sty
Package: keyval 2022/05/29 v1.15 key=value parser (DPC)
\KV@toks@=\toks17
) (c:/texlive/2025/texmf-dist/tex/generic/iftex/ifvtex.sty
Package: ifvtex 2019/10/25 v1.7 ifvtex legacy package. Use iftex instead.
 (c:/texlive/2025/texmf-dist/tex/generic/iftex/iftex.sty
Package: iftex 2024/12/12 v1.0g TeX engine tests
))
\Gm@cnth=\count271
\Gm@cntv=\count272
\c@Gm@tempcnt=\count273
\Gm@bindingoffset=\dimen147
\Gm@wd@mp=\dimen148
\Gm@odd@mp=\dimen149
\Gm@even@mp=\dimen150
\Gm@layoutwidth=\dimen151
\Gm@layoutheight=\dimen152
\Gm@layouthoffset=\dimen153
\Gm@layoutvoffset=\dimen154
\Gm@dimlist=\toks18
) (c:/texlive/2025/texmf-dist/tex/latex/base/inputenc.sty
Package: inputenc 2024/02/08 v1.3d Input encoding file
\inpenc@prehook=\toks19
\inpenc@posthook=\toks20
) (c:/texlive/2025/texmf-dist/tex/latex/polski/polski.sty
Package: polski 2021/08/25 v1.3.6 Polish language package

   Inputenc package detected. Catcodes not changed.
   Switching to Polish text encoding and Polish maths fonts.
(c:/texlive/2025/texmf-dist/tex/latex/base/ot4enc.def
File: ot4enc.def 2021/04/29 v2.0v Standard LaTeX file
Now handling font encoding OT4 ...
... no UTF-8 mapping file for font encoding OT4
)
LaTeX Font Info:    Trying to load font information for OT4+cmr on input line 362.
 (c:/texlive/2025/texmf-dist/tex/latex/polski/ot4cmr.fd
File: ot4cmr.fd 2008/02/24 v1.2.1 Font defs for fonts PL (MW)
)
LaTeX Font Info:    Overwriting math alphabet `\mathbf' in version `normal'
(Font)                  OT1/cmr/bx/n --> OT4/cmr/bx/n on input line 362.
LaTeX Font Info:    Overwriting math alphabet `\mathsf' in version `normal'
(Font)                  OT1/cmss/m/n --> OT4/cmss/m/n on input line 362.
LaTeX Font Info:    Overwriting math alphabet `\mathit' in version `normal'
(Font)                  OT1/cmr/m/it --> OT4/cmr/m/it on input line 362.
LaTeX Font Info:    Overwriting math alphabet `\mathtt' in version `normal'
(Font)                  OT1/cmtt/m/n --> OT4/cmtt/m/n on input line 362.
LaTeX Font Info:    Overwriting math alphabet `\mathsf' in version `bold'
(Font)                  OT1/cmss/bx/n --> OT4/cmss/bx/n on input line 362.
LaTeX Font Info:    Overwriting math alphabet `\mathit' in version `bold'
(Font)                  OT1/cmr/bx/it --> OT4/cmr/bx/it on input line 362.
LaTeX Font Info:    Encoding `OT1' has changed to `OT4' for symbol font
(Font)              `operators' in the math version `normal' on input line 362.
LaTeX Font Info:    Overwriting symbol font `operators' in version `normal'
(Font)                  OT1/cmr/m/n --> OT4/cmr/m/n on input line 362.
LaTeX Font Info:    Overwriting symbol font `letters' in version `normal'
(Font)                  OML/cmm/m/it --> OML/plm/m/it on input line 362.
LaTeX Font Info:    Overwriting symbol font `symbols' in version `normal'
(Font)                  OMS/cmsy/m/n --> OMS/plsy/m/n on input line 362.
LaTeX Font Info:    Overwriting symbol font `largesymbols' in version `normal'
(Font)                  OMX/cmex/m/n --> OMX/plex/m/n on input line 362.
LaTeX Font Info:    Encoding `OT1' has changed to `OT4' for symbol font
(Font)              `operators' in the math version `bold' on input line 362.
LaTeX Font Info:    Overwriting symbol font `operators' in version `bold'
(Font)                  OT1/cmr/bx/n --> OT4/cmr/bx/n on input line 362.
LaTeX Font Info:    Overwriting symbol font `letters' in version `bold'
(Font)                  OML/cmm/b/it --> OML/plm/b/it on input line 362.
LaTeX Font Info:    Overwriting symbol font `symbols' in version `bold'
(Font)                  OMS/cmsy/b/n --> OMS/plsy/b/n on input line 362.
) (c:/texlive/2025/texmf-dist/tex/generic/babel/babel.sty
Package: babel 2025/04/14 v25.7 The multilingual framework for pdfLaTeX, LuaLaTeX and XeLaTeX
\babel@savecnt=\count274
\U@D=\dimen155
\l@unhyphenated=\language90
 (c:/texlive/2025/texmf-dist/tex/generic/babel/txtbabel.def)
\bbl@readstream=\read2
\bbl@dirlevel=\count275
 (c:/texlive/2025/texmf-dist/tex/generic/babel-polish/polish.ldf
Language: polish 2022/03/12 1.3 Babel support for Polish
Package babel Info: Making " an active character on input line 101.
)) (c:/texlive/2025/texmf-dist/tex/generic/babel/locale/pl/babel-polish.tex
Package babel Info: Importing font and identification data for polish
(babel)             from babel-pl.ini. Reported on input line 11.
) (c:/texlive/2025/texmf-dist/tex/latex/graphics/graphicx.sty
Package: graphicx 2021/09/16 v1.2d Enhanced LaTeX Graphics (DPC,SPQR)
 (c:/texlive/2025/texmf-dist/tex/latex/graphics/graphics.sty
Package: graphics 2024/08/06 v1.4g Standard LaTeX Graphics (DPC,SPQR)
 (c:/texlive/2025/texmf-dist/tex/latex/graphics/trig.sty
Package: trig 2023/12/02 v1.11 sin cos tan (DPC)
) (c:/texlive/2025/texmf-dist/tex/latex/graphics-cfg/graphics.cfg
File: graphics.cfg 2016/06/04 v1.11 sample graphics configuration
)
Package graphics Info: Driver file: pdftex.def on input line 106.
 (c:/texlive/2025/texmf-dist/tex/latex/graphics-def/pdftex.def
File: pdftex.def 2024/04/13 v1.2c Graphics/color driver for pdftex
))
\Gin@req@height=\dimen156
\Gin@req@width=\dimen157
) (c:/texlive/2025/texmf-dist/tex/latex/placeins/placeins.sty
Package: placeins 2005/04/18  v 2.2
) (c:/texlive/2025/texmf-dist/tex/latex/siunitx/siunitx.sty
Package: siunitx 2025-04-19 v3.4.9 A comprehensive (SI) units package
\l__siunitx_number_uncert_offset_int=\count276
\l__siunitx_number_exponent_fixed_int=\count277
\l__siunitx_number_min_decimal_int=\count278
\l__siunitx_number_min_integer_int=\count279
\l__siunitx_number_round_precision_int=\count280
\l__siunitx_number_lower_threshold_int=\count281
\l__siunitx_number_upper_threshold_int=\count282
\l__siunitx_number_group_first_int=\count283
\l__siunitx_number_group_size_int=\count284
\l__siunitx_number_group_minimum_int=\count285
\l__siunitx_angle_tmp_dim=\dimen158
\l__siunitx_angle_marker_box=\box53
\l__siunitx_angle_unit_box=\box54
\l__siunitx_compound_count_int=\count286
 (c:/texlive/2025/texmf-dist/tex/latex/translations/translations.sty
Package: translations 2022/02/05 v1.12 internationalization of LaTeX2e packages (CN)
 (c:/texlive/2025/texmf-dist/tex/latex/etoolbox/etoolbox.sty
Package: etoolbox 2025/02/11 v2.5l e-TeX tools for LaTeX (JAW)
\etb@tempcnta=\count287
) (c:/texlive/2025/texmf-dist/tex/generic/pdftexcmds/pdftexcmds.sty
Package: pdftexcmds 2020-06-27 v0.33 Utility functions of pdfTeX for LuaTeX (HO)
 (c:/texlive/2025/texmf-dist/tex/generic/infwarerr/infwarerr.sty
Package: infwarerr 2019/12/03 v1.5 Providing info/warning/error messages (HO)
) (c:/texlive/2025/texmf-dist/tex/generic/ltxcmds/ltxcmds.sty
Package: ltxcmds 2023-12-04 v1.26 LaTeX kernel commands for general use (HO)
)
Package pdftexcmds Info: \pdf@primitive is available.
Package pdftexcmds Info: \pdf@ifprimitive is available.
Package pdftexcmds Info: \pdfdraftmode found.
)) (c:/texlive/2025/texmf-dist/tex/latex/amsmath/amstext.sty
Package: amstext 2021/08/26 v2.01 AMS text
 (c:/texlive/2025/texmf-dist/tex/latex/amsmath/amsgen.sty
File: amsgen.sty 1999/11/30 v2.0 generic functions
\@emptytoks=\toks21
\ex@=\dimen159
))
\l__siunitx_table_tmp_box=\box55
\l__siunitx_table_tmp_dim=\dimen160
\l__siunitx_table_column_width_dim=\dimen161
\l__siunitx_table_integer_box=\box56
\l__siunitx_table_decimal_box=\box57
\l__siunitx_table_uncert_box=\box58
\l__siunitx_table_before_box=\box59
\l__siunitx_table_after_box=\box60
\l__siunitx_table_before_dim=\dimen162
\l__siunitx_table_carry_dim=\dimen163
\l__siunitx_unit_tmp_int=\count288
\l__siunitx_unit_position_int=\count289
\l__siunitx_unit_total_int=\count290
 (c:/texlive/2025/texmf-dist/tex/latex/tools/array.sty
Package: array 2024/10/17 v2.6g Tabular extension package (FMi)
\col@sep=\dimen164
\ar@mcellbox=\box61
\extrarowheight=\dimen165
\NC@list=\toks22
\extratabsurround=\skip51
\backup@length=\skip52
\ar@cellbox=\box62
)) (c:/texlive/2025/texmf-dist/tex/latex/amsmath/amsmath.sty
Package: amsmath 2024/11/05 v2.17t AMS math features
\@mathmargin=\skip53

For additional information on amsmath, use the `?' option.
(c:/texlive/2025/texmf-dist/tex/latex/amsmath/amsbsy.sty
Package: amsbsy 1999/11/29 v1.2d Bold Symbols
\pmbraise@=\dimen166
) (c:/texlive/2025/texmf-dist/tex/latex/amsmath/amsopn.sty
Package: amsopn 2022/04/08 v2.04 operator names
)
\inf@bad=\count291
LaTeX Info: Redefining \frac on input line 233.
\uproot@=\count292
\leftroot@=\count293
LaTeX Info: Redefining \overline on input line 398.
LaTeX Info: Redefining \colon on input line 409.
\classnum@=\count294
\DOTSCASE@=\count295
LaTeX Info: Redefining \ldots on input line 495.
LaTeX Info: Redefining \dots on input line 498.
LaTeX Info: Redefining \cdots on input line 619.
\Mathstrutbox@=\box63
\strutbox@=\box64
LaTeX Info: Redefining \big on input line 721.
LaTeX Info: Redefining \Big on input line 722.
LaTeX Info: Redefining \bigg on input line 723.
LaTeX Info: Redefining \Bigg on input line 724.
\big@size=\dimen167
LaTeX Font Info:    Redeclaring font encoding OML on input line 742.
LaTeX Font Info:    Redeclaring font encoding OMS on input line 743.
\macc@depth=\count296
LaTeX Info: Redefining \bmod on input line 904.
LaTeX Info: Redefining \pmod on input line 909.
LaTeX Info: Redefining \smash on input line 939.
LaTeX Info: Redefining \relbar on input line 969.
LaTeX Info: Redefining \Relbar on input line 970.
\c@MaxMatrixCols=\count297
\dotsspace@=\muskip17
\c@parentequation=\count298
\dspbrk@lvl=\count299
\tag@help=\toks23
\row@=\count300
\column@=\count301
\maxfields@=\count302
\andhelp@=\toks24
\eqnshift@=\dimen168
\alignsep@=\dimen169
\tagshift@=\dimen170
\tagwidth@=\dimen171
\totwidth@=\dimen172
\lineht@=\dimen173
\@envbody=\toks25
\multlinegap=\skip54
\multlinetaggap=\skip55
\mathdisplay@stack=\toks26
LaTeX Info: Redefining \[ on input line 2953.
LaTeX Info: Redefining \] on input line 2954.
) (c:/texlive/2025/texmf-dist/tex/latex/graphics/color.sty
Package: color 2024/06/23 v1.3e Standard LaTeX Color (DPC)
 (c:/texlive/2025/texmf-dist/tex/latex/graphics-cfg/color.cfg
File: color.cfg 2016/01/02 v1.6 sample color configuration
)
Package color Info: Driver file: pdftex.def on input line 149.
 (c:/texlive/2025/texmf-dist/tex/latex/graphics/mathcolor.ltx)) (c:/texlive/2025/texmf-dist/tex/latex/l3backend/l3backend-pdftex.def
File: l3backend-pdftex.def 2025-03-14 L3 backend support: PDF output (pdfTeX)
\l__color_backend_stack_int=\count303
) (./main.aux
Package babel Info: 'polish' activates 'polish' shorthands.
(babel)             Reported  on input line 5.
)
\openout1 = `main.aux'.

LaTeX Font Info:    Checking defaults for OML/cmm/m/it on input line 22.
LaTeX Font Info:    ... okay on input line 22.
LaTeX Font Info:    Checking defaults for OMS/cmsy/m/n on input line 22.
LaTeX Font Info:    ... okay on input line 22.
LaTeX Font Info:    Checking defaults for OT1/cmr/m/n on input line 22.
LaTeX Font Info:    ... okay on input line 22.
LaTeX Font Info:    Checking defaults for T1/cmr/m/n on input line 22.
LaTeX Font Info:    ... okay on input line 22.
LaTeX Font Info:    Checking defaults for TS1/cmr/m/n on input line 22.
LaTeX Font Info:    ... okay on input line 22.
LaTeX Font Info:    Checking defaults for OMX/cmex/m/n on input line 22.
LaTeX Font Info:    ... okay on input line 22.
LaTeX Font Info:    Checking defaults for U/cmr/m/n on input line 22.
LaTeX Font Info:    ... okay on input line 22.
LaTeX Font Info:    Checking defaults for OT4/cmr/m/n on input line 22.
LaTeX Font Info:    ... okay on input line 22.

*geometry* driver: auto-detecting
*geometry* detected driver: pdftex
*geometry* verbose mode - [ preamble ] result:
* driver: pdftex
* paper: a4paper
* layout: <same size as paper>
* layoutoffset:(h,v)=(0.0pt,0.0pt)
* modes: 
* h-part:(L,W,R)=(71.13188pt, 455.24411pt, 71.13188pt)
* v-part:(T,H,B)=(71.13188pt, 702.78308pt, 71.13188pt)
* \paperwidth=597.50787pt
* \paperheight=845.04684pt
* \textwidth=455.24411pt
* \textheight=702.78308pt
* \oddsidemargin=-1.1381pt
* \evensidemargin=-1.1381pt
* \topmargin=-38.1381pt
* \headheight=12.0pt
* \headsep=25.0pt
* \topskip=10.0pt
* \footskip=30.0pt
* \marginparwidth=57.0pt
* \marginparsep=11.0pt
* \columnsep=10.0pt
* \skip\footins=9.0pt plus 4.0pt minus 2.0pt
* \hoffset=0.0pt
* \voffset=0.0pt
* \mag=1000
* \@twocolumnfalse
* \@twosidefalse
* \@mparswitchfalse
* \@reversemarginfalse
* (1in=72.27pt=25.4mm, 1cm=28.453pt)

(c:/texlive/2025/texmf-dist/tex/context/base/mkii/supp-pdf.mkii
[Loading MPS to PDF converter (version 2006.09.02).]
\scratchcounter=\count304
\scratchdimen=\dimen174
\scratchbox=\box65
\nofMPsegments=\count305
\nofMParguments=\count306
\everyMPshowfont=\toks27
\MPscratchCnt=\count307
\MPscratchDim=\dimen175
\MPnumerator=\count308
\makeMPintoPDFobject=\count309
\everyMPtoPDFconversion=\toks28
) (c:/texlive/2025/texmf-dist/tex/latex/epstopdf-pkg/epstopdf-base.sty
Package: epstopdf-base 2020-01-24 v2.11 Base part for package epstopdf
Package epstopdf-base Info: Redefining graphics rule for `.eps' on input line 485.
 (c:/texlive/2025/texmf-dist/tex/latex/latexconfig/epstopdf-sys.cfg
File: epstopdf-sys.cfg 2010/07/13 v1.3 Configuration of (r)epstopdf for TeX Live
)) (c:/texlive/2025/texmf-dist/tex/latex/translations/translations-basic-dictionary-polish.trsl
File: translations-basic-dictionary-polish.trsl (polish translation file `translations-basic-dictionary')
)
Package translations Info: loading dictionary `translations-basic-dictionary' for `polish'. on input line 22.
LaTeX Font Info:    Trying to load font information for OML+plm on input line 24.
 (c:/texlive/2025/texmf-dist/tex/latex/polski/omlplm.fd
File: omlplm.fd 2008/02/24 v1.2.1 Font defs for fonts PL (MW)
)
LaTeX Font Info:    Trying to load font information for OMS+plsy on input line 24.
 (c:/texlive/2025/texmf-dist/tex/latex/polski/omsplsy.fd
File: omsplsy.fd 2008/02/24 v1.2.1 Font defs for fonts PL (MW)
)
LaTeX Font Info:    Trying to load font information for OMX+plex on input line 24.
 (c:/texlive/2025/texmf-dist/tex/latex/polski/omxplex.fd
File: omxplex.fd 2008/02/24 v1.2.1 Font defs for fonts PL (MW)
)
LaTeX Font Info:    External font `plex10' loaded for size
(Font)              <12> on input line 24.
LaTeX Font Info:    External font `plex10' loaded for size
(Font)              <8> on input line 24.
LaTeX Font Info:    External font `plex10' loaded for size
(Font)              <6> on input line 24.
 (./main.toc)
\tf@toc=\write3
\openout3 = `main.toc'.

 (./Text/T1.tex
LaTeX Font Info:    External font `plex10' loaded for size
(Font)              <10> on input line 5.
LaTeX Font Info:    External font `plex10' loaded for size
(Font)              <7> on input line 5.
LaTeX Font Info:    External font `plex10' loaded for size
(Font)              <5> on input line 5.


[1

{c:/texlive/2025/texmf-var/fonts/map/pdftex/updmap/pdftex.map}{c:/texlive/2025/texmf-dist/fonts/enc/dvips/pl/plrm.enc}{c:/texlive/2025/texmf-dist/fonts/enc/dvips/pl/plmi.enc}{c:/texlive/2025/texmf-dist/fonts/enc/dvips/pl/plme.enc}{c:/texlive/2025/texmf-dist/fonts/enc/dvips/pl/plms.enc}]) (./Text/P1.tex
<Fig/P1a.png, id=16, 183.084pt x 172.7253pt>
File: Fig/P1a.png Graphic file (type png)
<use Fig/P1a.png>
Package pdftex.def Info: Fig/P1a.png  used on input line 6.
(pdftex.def)             Requested size: 183.08354pt x 172.72487pt.
<Fig/P1b.png, id=18, 186.6975pt x 172.2435pt>
File: Fig/P1b.png Graphic file (type png)
<use Fig/P1b.png>
Package pdftex.def Info: Fig/P1b.png  used on input line 19.
(pdftex.def)             Requested size: 186.69704pt x 172.24307pt.


[2 <./Fig/P1a.png> <./Fig/P1b.png>]
<Fig/P1c.png, id=24, 207.4149pt x 172.2435pt>
File: Fig/P1c.png Graphic file (type png)
<use Fig/P1c.png>
Package pdftex.def Info: Fig/P1c.png  used on input line 40.
(pdftex.def)             Requested size: 207.41438pt x 172.24307pt.
<Fig/P1d.png, id=25, 181.1568pt x 248.3679pt>
File: Fig/P1d.png Graphic file (type png)
<use Fig/P1d.png>
Package pdftex.def Info: Fig/P1d.png  used on input line 47.
(pdftex.def)             Requested size: 181.15634pt x 248.36728pt.


[3 <./Fig/P1c.png> <./Fig/P1d.png>]
<Fig/P1e.png, id=31, 175.857pt x 248.3679pt>
File: Fig/P1e.png Graphic file (type png)
<use Fig/P1e.png>
Package pdftex.def Info: Fig/P1e.png  used on input line 66.
(pdftex.def)             Requested size: 175.85657pt x 248.36728pt.


[4 <./Fig/P1e.png>])

[5] (./Text/T2.tex) (./Text/Z1.tex

[6])

[7] (./Text/T3.tex) (./Text/Z2.tex
Overfull \hbox (6.25566pt too wide) in paragraph at lines 3--4
\OT4/cmr/m/n/10 Wyznacz po-Şo-»e-nie ±rod-ków ci¦»-ko-±ci pŞa-skich ar-ku-szy blach. W przy-padku blach nie-jed-no-rod-nych uwzgl¦d-
 []

<SrodkiCiezkosci/Figura01.png, id=46, 172.0026pt x 173.9298pt>
File: SrodkiCiezkosci/Figura01.png Graphic file (type png)
<use SrodkiCiezkosci/Figura01.png>
Package pdftex.def Info: SrodkiCiezkosci/Figura01.png  used on input line 7.
(pdftex.def)             Requested size: 172.00217pt x 173.92937pt.


[8]
<SrodkiCiezkosci/Figura02.png, id=50, 145.5036pt x 88.6512pt>
File: SrodkiCiezkosci/Figura02.png Graphic file (type png)
<use SrodkiCiezkosci/Figura02.png>
Package pdftex.def Info: SrodkiCiezkosci/Figura02.png  used on input line 13.
(pdftex.def)             Requested size: 145.50323pt x 88.65097pt.
<SrodkiCiezkosci/Figura03.png, id=51, 202.356pt x 88.6512pt>
File: SrodkiCiezkosci/Figura03.png Graphic file (type png)
<use SrodkiCiezkosci/Figura03.png>
Package pdftex.def Info: SrodkiCiezkosci/Figura03.png  used on input line 19.
(pdftex.def)             Requested size: 202.3555pt x 88.65097pt.
<SrodkiCiezkosci/Figura04.png, id=52, 287.8755pt x 88.6512pt>
File: SrodkiCiezkosci/Figura04.png Graphic file (type png)
<use SrodkiCiezkosci/Figura04.png>
Package pdftex.def Info: SrodkiCiezkosci/Figura04.png  used on input line 25.
(pdftex.def)             Requested size: 287.87479pt x 88.65097pt.
)

[9 <./SrodkiCiezkosci/Figura01.png> <./SrodkiCiezkosci/Figura02.png> <./SrodkiCiezkosci/Figura03.png>] (./Text/T4.tex) (./Text/Z3.tex
<Reakcje/Tarcza01.png, id=59, 152.2488pt x 188.1429pt>
File: Reakcje/Tarcza01.png Graphic file (type png)
<use Reakcje/Tarcza01.png>
Package pdftex.def Info: Reakcje/Tarcza01.png  used on input line 7.
(pdftex.def)             Requested size: 152.24841pt x 188.14243pt.
<Reakcje/Tarcza02.png, id=60, 209.583pt x 121.4136pt>
File: Reakcje/Tarcza02.png Graphic file (type png)
<use Reakcje/Tarcza02.png>
Package pdftex.def Info: Reakcje/Tarcza02.png  used on input line 13.
(pdftex.def)             Requested size: 209.58247pt x 121.4133pt.
<Reakcje/Tarcza03.png, id=61, 227.6505pt x 202.1151pt>
File: Reakcje/Tarcza03.png Graphic file (type png)
<use Reakcje/Tarcza03.png>
Package pdftex.def Info: Reakcje/Tarcza03.png  used on input line 19.
(pdftex.def)             Requested size: 227.64993pt x 202.1146pt.
<Reakcje/Tarcza04.png, id=62, 277.7577pt x 124.3044pt>
File: Reakcje/Tarcza04.png Graphic file (type png)
<use Reakcje/Tarcza04.png>
Package pdftex.def Info: Reakcje/Tarcza04.png  used on input line 25.
(pdftex.def)             Requested size: 277.75702pt x 124.30408pt.
)

[10{c:/texlive/2025/texmf-dist/fonts/enc/dvips/cm-super/cm-super-ts1.enc} <./SrodkiCiezkosci/Figura04.png>]

[11 <./Reakcje/Tarcza01.png> <./Reakcje/Tarcza02.png> <./Reakcje/Tarcza03.png>] (./Text/Z4.tex
<Kratownice/Truss01.png, id=74, 197.538pt x 121.8954pt>
File: Kratownice/Truss01.png Graphic file (type png)
<use Kratownice/Truss01.png>
Package pdftex.def Info: Kratownice/Truss01.png  used on input line 7.
(pdftex.def)             Requested size: 197.5375pt x 121.8951pt.
<Kratownice/Truss02.png, id=75, 216.3282pt x 151.5261pt>
File: Kratownice/Truss02.png Graphic file (type png)
<use Kratownice/Truss02.png>
Package pdftex.def Info: Kratownice/Truss02.png  used on input line 13.
(pdftex.def)             Requested size: 216.32767pt x 151.52571pt.
<Kratownice/Truss03.png, id=76, 250.7769pt x 142.8537pt>
File: Kratownice/Truss03.png Graphic file (type png)
<use Kratownice/Truss03.png>
Package pdftex.def Info: Kratownice/Truss03.png  used on input line 19.
(pdftex.def)             Requested size: 250.77628pt x 142.85333pt.
<Kratownice/Truss04.png, id=77, 258.9675pt x 260.6538pt>
File: Kratownice/Truss04.png Graphic file (type png)
<use Kratownice/Truss04.png>
Package pdftex.def Info: Kratownice/Truss04.png  used on input line 25.
(pdftex.def)             Requested size: 258.96684pt x 260.65314pt.
)

[12 <./Reakcje/Tarcza04.png> <./Kratownice/Truss01.png> <./Kratownice/Truss02.png>]

[13 <./Kratownice/Truss03.png> <./Kratownice/Truss04.png>] (./main.aux)
 ***********
LaTeX2e <2024-11-01> patch level 2
L3 programming layer <2025-03-26>
 ***********
 ) 
Here is how much of TeX's memory you used:
 8673 strings out of 469625
 198247 string characters out of 5475162
 570598 words of memory out of 5000000
 35375 multiletter control sequences out of 15000+600000
 636803 words of font info for 65 fonts, out of 8000000 for 9000
 1141 hyphenation exceptions out of 8191
 73i,9n,80p,500b,640s stack positions out of 10000i,1000n,20000p,200000b,200000s
<c:/texlive/2025/texmf-dist/fonts/type1/public/pl/plbx10.pfb><c:/texlive/2025/texmf-dist/fonts/type1/public/pl/plbx12.pfb><c:/texlive/2025/texmf-dist/fonts/type1/public/pl/plex10.pfb><c:/texlive/2025/texmf-dist/fonts/type1/public/pl/plmi10.pfb><c:/texlive/2025/texmf-dist/fonts/type1/public/pl/plmi7.pfb><c:/texlive/2025/texmf-dist/fonts/type1/public/pl/plr10.pfb><c:/texlive/2025/texmf-dist/fonts/type1/public/pl/plr12.pfb><c:/texlive/2025/texmf-dist/fonts/type1/public/pl/plr17.pfb><c:/texlive/2025/texmf-dist/fonts/type1/public/pl/plr7.pfb><c:/texlive/2025/texmf-dist/fonts/type1/public/pl/plsy10.pfb><c:/texlive/2025/texmf-dist/fonts/type1/public/cm-super/sfrm1000.pfb>
Output written on main.pdf (13 pages, 433003 bytes).
PDF statistics:
 142 PDF objects out of 1000 (max. 8388607)
 70 compressed objects within 1 object stream
 0 named destinations out of 1000 (max. 500000)
 86 words of extra memory for PDF output out of 10000 (max. 10000000)

